This file contains any messages produced by compilers while
running configure, to aid debugging if configure makes a mistake.

It was created by GStreamer configure 1.16.0, which was
generated by GNU Autoconf 2.69.  Invocation command line was

  $ ./configure 

## --------- ##
## Platform. ##
## --------- ##

hostname = ubuntu
uname -m = x86_64
uname -r = 4.15.0-47-generic
uname -s = Linux
uname -v = #50~16.04.1-Ubuntu SMP Fri Mar 15 16:06:21 UTC 2019

/usr/bin/uname -p = unknown
/bin/uname -X     = unknown

/bin/arch              = unknown
/usr/bin/arch -k       = unknown
/usr/convex/getsysinfo = unknown
/usr/bin/hostinfo      = unknown
/bin/machine           = unknown
/usr/bin/oslevel       = unknown
/bin/universe          = unknown

PATH: /home/joshua/bin
PATH: /home/joshua/.local/bin
PATH: /usr/local/sbin
PATH: /usr/local/bin
PATH: /usr/sbin
PATH: /usr/bin
PATH: /sbin
PATH: /bin
PATH: /usr/games
PATH: /usr/local/games
PATH: /snap/bin


## ----------- ##
## Core tests. ##
## ----------- ##

configure:3214: checking build system type
configure:3228: result: x86_64-pc-linux-gnu
configure:3248: checking host system type
configure:3261: result: x86_64-pc-linux-gnu
configure:3281: checking target system type
configure:3294: result: x86_64-pc-linux-gnu
configure:3340: checking for a BSD-compatible install
configure:3408: result: /usr/bin/install -c
configure:3419: checking whether build environment is sane
configure:3474: result: yes
configure:3625: checking for a thread-safe mkdir -p
configure:3664: result: /bin/mkdir -p
configure:3671: checking for gawk
configure:3701: result: no
configure:3671: checking for mawk
configure:3687: found /usr/bin/mawk
configure:3698: result: mawk
configure:3709: checking whether make sets $(MAKE)
configure:3731: result: yes
configure:3760: checking whether make supports nested variables
configure:3777: result: yes
configure:3866: checking whether UID '1000' is supported by ustar format
configure:3869: result: yes
configure:3876: checking whether GID '1000' is supported by ustar format
configure:3879: result: yes
configure:3887: checking how to create a ustar tar archive
configure:3898: tar --version
tar (GNU tar) 1.28
Copyright (C) 2014 Free Software Foundation, Inc.
License GPLv3+: GNU GPL version 3 or later <http://gnu.org/licenses/gpl.html>.
This is free software: you are free to change and redistribute it.
There is NO WARRANTY, to the extent permitted by law.

Written by John Gilmore and Jay Fenlason.
configure:3901: $? = 0
configure:3941: tardir=conftest.dir && eval tar --format=ustar -chf - "$tardir" >conftest.tar
configure:3944: $? = 0
configure:3948: tar -xf - <conftest.tar
configure:3951: $? = 0
configure:3953: cat conftest.dir/file
GrepMe
configure:3956: $? = 0
configure:3969: result: gnutar
configure:4031: checking nano version
configure:4037: result: 0 (release)
configure:4063: checking whether to enable maintainer-specific portions of Makefiles
configure:4072: result: yes
configure:4099: checking whether make supports nested variables
configure:4116: result: yes
configure:4191: checking how to print strings
configure:4218: result: printf
configure:4243: checking whether make supports the include directive
configure:4258: make -f confmf.GNU && cat confinc.out
this is the am__doit target
configure:4261: $? = 0
configure:4280: result: yes (GNU style)
configure:4350: checking for gcc
configure:4366: found /usr/bin/gcc
configure:4377: result: gcc
configure:4606: checking for C compiler version
configure:4615: gcc --version >&5
gcc (Ubuntu 5.4.0-6ubuntu1~16.04.10) 5.4.0 20160609
Copyright (C) 2015 Free Software Foundation, Inc.
This is free software; see the source for copying conditions.  There is NO
warranty; not even for MERCHANTABILITY or FITNESS FOR A PARTICULAR PURPOSE.

configure:4626: $? = 0
configure:4615: gcc -v >&5
Using built-in specs.
COLLECT_GCC=gcc
COLLECT_LTO_WRAPPER=/usr/lib/gcc/x86_64-linux-gnu/5/lto-wrapper
Target: x86_64-linux-gnu
Configured with: ../src/configure -v --with-pkgversion='Ubuntu 5.4.0-6ubuntu1~16.04.10' --with-bugurl=file:///usr/share/doc/gcc-5/README.Bugs --enable-languages=c,ada,c++,java,go,d,fortran,objc,obj-c++ --prefix=/usr --program-suffix=-5 --enable-shared --enable-linker-build-id --libexecdir=/usr/lib --without-included-gettext --enable-threads=posix --libdir=/usr/lib --enable-nls --with-sysroot=/ --enable-clocale=gnu --enable-libstdcxx-debug --enable-libstdcxx-time=yes --with-default-libstdcxx-abi=new --enable-gnu-unique-object --disable-vtable-verify --enable-libmpx --enable-plugin --with-system-zlib --disable-browser-plugin --enable-java-awt=gtk --enable-gtk-cairo --with-java-home=/usr/lib/jvm/java-1.5.0-gcj-5-amd64/jre --enable-java-home --with-jvm-root-dir=/usr/lib/jvm/java-1.5.0-gcj-5-amd64 --with-jvm-jar-dir=/usr/lib/jvm-exports/java-1.5.0-gcj-5-amd64 --with-arch-directory=amd64 --with-ecj-jar=/usr/share/java/eclipse-ecj.jar --enable-objc-gc --enable-multiarch --disable-werror --with-arch-32=i686 --with-abi=m64 --with-multilib-list=m32,m64,mx32 --enable-multilib --with-tune=generic --enable-checking=release --build=x86_64-linux-gnu --host=x86_64-linux-gnu --target=x86_64-linux-gnu
Thread model: posix
gcc version 5.4.0 20160609 (Ubuntu 5.4.0-6ubuntu1~16.04.10) 
configure:4626: $? = 0
configure:4615: gcc -V >&5
gcc: error: unrecognized command line option '-V'
gcc: fatal error: no input files
compilation terminated.
configure:4626: $? = 1
configure:4615: gcc -qversion >&5
gcc: error: unrecognized command line option '-qversion'
gcc: fatal error: no input files
compilation terminated.
configure:4626: $? = 1
configure:4646: checking whether the C compiler works
configure:4668: gcc    conftest.c  >&5
configure:4672: $? = 0
configure:4720: result: yes
configure:4723: checking for C compiler default output file name
configure:4725: result: a.out
configure:4731: checking for suffix of executables
configure:4738: gcc -o conftest    conftest.c  >&5
configure:4742: $? = 0
configure:4764: result: 
configure:4786: checking whether we are cross compiling
configure:4794: gcc -o conftest    conftest.c  >&5
configure:4798: $? = 0
configure:4805: ./conftest
configure:4809: $? = 0
configure:4824: result: no
configure:4829: checking for suffix of object files
configure:4851: gcc -c   conftest.c >&5
configure:4855: $? = 0
configure:4876: result: o
configure:4880: checking whether we are using the GNU C compiler
configure:4899: gcc -c   conftest.c >&5
configure:4899: $? = 0
configure:4908: result: yes
configure:4917: checking whether gcc accepts -g
configure:4937: gcc -c -g  conftest.c >&5
configure:4937: $? = 0
configure:4978: result: yes
configure:4995: checking for gcc option to accept ISO C89
configure:5058: gcc  -c -g -O2  conftest.c >&5
configure:5058: $? = 0
configure:5071: result: none needed
configure:5096: checking whether gcc understands -c and -o together
configure:5118: gcc -c conftest.c -o conftest2.o
configure:5121: $? = 0
configure:5118: gcc -c conftest.c -o conftest2.o
configure:5121: $? = 0
configure:5133: result: yes
configure:5152: checking dependency style of gcc
configure:5263: result: gcc3
configure:5278: checking for a sed that does not truncate output
configure:5342: result: /bin/sed
configure:5360: checking for grep that handles long lines and -e
configure:5418: result: /bin/grep
configure:5423: checking for egrep
configure:5485: result: /bin/grep -E
configure:5490: checking for fgrep
configure:5552: result: /bin/grep -F
configure:5587: checking for ld used by gcc
configure:5654: result: /usr/bin/ld
configure:5661: checking if the linker (/usr/bin/ld) is GNU ld
configure:5676: result: yes
configure:5688: checking for BSD- or MS-compatible name lister (nm)
configure:5742: result: /usr/bin/nm -B
configure:5872: checking the name lister (/usr/bin/nm -B) interface
configure:5879: gcc -c -g -O2  conftest.c >&5
configure:5882: /usr/bin/nm -B "conftest.o"
configure:5885: output
0000000000000000 B some_variable
configure:5892: result: BSD nm
configure:5895: checking whether ln -s works
configure:5899: result: yes
configure:5907: checking the maximum length of command line arguments
configure:6038: result: 1572864
configure:6086: checking how to convert x86_64-pc-linux-gnu file names to x86_64-pc-linux-gnu format
configure:6126: result: func_convert_file_noop
configure:6133: checking how to convert x86_64-pc-linux-gnu file names to toolchain format
configure:6153: result: func_convert_file_noop
configure:6160: checking for /usr/bin/ld option to reload object files
configure:6167: result: -r
configure:6241: checking for objdump
configure:6257: found /usr/bin/objdump
configure:6268: result: objdump
configure:6297: checking how to recognize dependent libraries
configure:6497: result: pass_all
configure:6582: checking for dlltool
configure:6612: result: no
configure:6639: checking how to associate runtime and link libraries
configure:6666: result: printf %s\n
configure:6727: checking for ar
configure:6743: found /usr/bin/ar
configure:6754: result: ar
configure:6791: checking for archiver @FILE support
configure:6808: gcc -c -g -O2  conftest.c >&5
configure:6808: $? = 0
configure:6811: ar cru libconftest.a @conftest.lst >&5
ar: `u' modifier ignored since `D' is the default (see `U')
configure:6814: $? = 0
configure:6819: ar cru libconftest.a @conftest.lst >&5
ar: `u' modifier ignored since `D' is the default (see `U')
ar: conftest.o: No such file or directory
configure:6822: $? = 1
configure:6834: result: @
configure:6892: checking for strip
configure:6908: found /usr/bin/strip
configure:6919: result: strip
configure:6991: checking for ranlib
configure:7007: found /usr/bin/ranlib
configure:7018: result: ranlib
configure:7120: checking command to parse /usr/bin/nm -B output from gcc object
configure:7273: gcc -c -g -O2  conftest.c >&5
configure:7276: $? = 0
configure:7280: /usr/bin/nm -B conftest.o | sed -n -e 's/^.*[	 ]\([ABCDGIRSTW][ABCDGIRSTW]*\)[	 ][	 ]*\([_A-Za-z][_A-Za-z0-9]*\)$/\1 \2 \2/p' | sed '/ __gnu_lto/d' > conftest.nm
configure:7346: gcc -o conftest -g -O2   conftest.c conftstm.o >&5
configure:7349: $? = 0
configure:7387: result: ok
configure:7434: checking for sysroot
configure:7464: result: no
configure:7471: checking for a working dd
configure:7509: result: /bin/dd
configure:7513: checking how to truncate binary pipes
configure:7528: result: /bin/dd bs=4096 count=1
configure:7664: gcc -c -g -O2  conftest.c >&5
configure:7667: $? = 0
configure:7857: checking for mt
configure:7873: found /bin/mt
configure:7884: result: mt
configure:7907: checking if mt is a manifest tool
configure:7913: mt '-?'
configure:7921: result: no
configure:8598: checking how to run the C preprocessor
configure:8629: gcc -E  conftest.c
configure:8629: $? = 0
configure:8643: gcc -E  conftest.c
conftest.c:12:28: fatal error: ac_nonexistent.h: No such file or directory
compilation terminated.
configure:8643: $? = 1
configure: failed program was:
| /* confdefs.h */
| #define PACKAGE_NAME "GStreamer"
| #define PACKAGE_TARNAME "gstreamer"
| #define PACKAGE_VERSION "1.16.0"
| #define PACKAGE_STRING "GStreamer 1.16.0"
| #define PACKAGE_BUGREPORT "http://bugzilla.gnome.org/enter_bug.cgi?product=GStreamer"
| #define PACKAGE_URL ""
| #define PACKAGE "gstreamer"
| #define VERSION "1.16.0"
| #define GST_API_VERSION "1.0"
| /* end confdefs.h.  */
| #include <ac_nonexistent.h>
configure:8668: result: gcc -E
configure:8688: gcc -E  conftest.c
configure:8688: $? = 0
configure:8702: gcc -E  conftest.c
conftest.c:12:28: fatal error: ac_nonexistent.h: No such file or directory
compilation terminated.
configure:8702: $? = 1
configure: failed program was:
| /* confdefs.h */
| #define PACKAGE_NAME "GStreamer"
| #define PACKAGE_TARNAME "gstreamer"
| #define PACKAGE_VERSION "1.16.0"
| #define PACKAGE_STRING "GStreamer 1.16.0"
| #define PACKAGE_BUGREPORT "http://bugzilla.gnome.org/enter_bug.cgi?product=GStreamer"
| #define PACKAGE_URL ""
| #define PACKAGE "gstreamer"
| #define VERSION "1.16.0"
| #define GST_API_VERSION "1.0"
| /* end confdefs.h.  */
| #include <ac_nonexistent.h>
configure:8731: checking for ANSI C header files
configure:8751: gcc -c -g -O2  conftest.c >&5
configure:8751: $? = 0
configure:8824: gcc -o conftest -g -O2   conftest.c  >&5
configure:8824: $? = 0
configure:8824: ./conftest
configure:8824: $? = 0
configure:8835: result: yes
configure:8848: checking for sys/types.h
configure:8848: gcc -c -g -O2  conftest.c >&5
configure:8848: $? = 0
configure:8848: result: yes
configure:8848: checking for sys/stat.h
configure:8848: gcc -c -g -O2  conftest.c >&5
configure:8848: $? = 0
configure:8848: result: yes
configure:8848: checking for stdlib.h
configure:8848: gcc -c -g -O2  conftest.c >&5
configure:8848: $? = 0
configure:8848: result: yes
configure:8848: checking for string.h
configure:8848: gcc -c -g -O2  conftest.c >&5
configure:8848: $? = 0
configure:8848: result: yes
configure:8848: checking for memory.h
configure:8848: gcc -c -g -O2  conftest.c >&5
configure:8848: $? = 0
configure:8848: result: yes
configure:8848: checking for strings.h
configure:8848: gcc -c -g -O2  conftest.c >&5
configure:8848: $? = 0
configure:8848: result: yes
configure:8848: checking for inttypes.h
configure:8848: gcc -c -g -O2  conftest.c >&5
configure:8848: $? = 0
configure:8848: result: yes
configure:8848: checking for stdint.h
configure:8848: gcc -c -g -O2  conftest.c >&5
configure:8848: $? = 0
configure:8848: result: yes
configure:8848: checking for unistd.h
configure:8848: gcc -c -g -O2  conftest.c >&5
configure:8848: $? = 0
configure:8848: result: yes
configure:8862: checking for dlfcn.h
configure:8862: gcc -c -g -O2  conftest.c >&5
configure:8862: $? = 0
configure:8862: result: yes
configure:9432: checking for objdir
configure:9447: result: .libs
configure:9711: checking if gcc supports -fno-rtti -fno-exceptions
configure:9729: gcc -c -g -O2  -fno-rtti -fno-exceptions conftest.c >&5
cc1: warning: command line option '-fno-rtti' is valid for C++/ObjC++ but not for C
configure:9733: $? = 0
configure:9746: result: no
configure:10110: checking for gcc option to produce PIC
configure:10117: result: -fPIC -DPIC
configure:10125: checking if gcc PIC flag -fPIC -DPIC works
configure:10143: gcc -c -g -O2  -fPIC -DPIC -DPIC conftest.c >&5
configure:10147: $? = 0
configure:10160: result: yes
configure:10189: checking if gcc static flag -static works
configure:10217: result: yes
configure:10232: checking if gcc supports -c -o file.o
configure:10253: gcc -c -g -O2  -o out/conftest2.o conftest.c >&5
configure:10257: $? = 0
configure:10279: result: yes
configure:10287: checking if gcc supports -c -o file.o
configure:10334: result: yes
configure:10367: checking whether the gcc linker (/usr/bin/ld -m elf_x86_64) supports shared libraries
configure:11630: result: yes
configure:11667: checking whether -lc should be explicitly linked in
configure:11675: gcc -c -g -O2  conftest.c >&5
configure:11678: $? = 0
configure:11693: gcc -shared  -fPIC -DPIC conftest.o  -v -Wl,-soname -Wl,conftest -o conftest 2\>\&1 \| /bin/grep  -lc  \>/dev/null 2\>\&1
configure:11696: $? = 0
configure:11710: result: no
configure:11870: checking dynamic linker characteristics
configure:12451: gcc -o conftest -g -O2   -Wl,-rpath -Wl,/foo conftest.c  >&5
configure:12451: $? = 0
configure:12700: result: GNU/Linux ld.so
configure:12822: checking how to hardcode library paths into programs
configure:12847: result: immediate
configure:12949: checking for shl_load
configure:12949: gcc -o conftest -g -O2   conftest.c  >&5
/tmp/cclGoibZ.o: In function `main':
/home/joshua/CLionProjects/Github/gstreamer/gstreamer-1.16.0/conftest.c:58: undefined reference to `shl_load'
collect2: error: ld returned 1 exit status
configure:12949: $? = 1
configure: failed program was:
| /* confdefs.h */
| #define PACKAGE_NAME "GStreamer"
| #define PACKAGE_TARNAME "gstreamer"
| #define PACKAGE_VERSION "1.16.0"
| #define PACKAGE_STRING "GStreamer 1.16.0"
| #define PACKAGE_BUGREPORT "http://bugzilla.gnome.org/enter_bug.cgi?product=GStreamer"
| #define PACKAGE_URL ""
| #define PACKAGE "gstreamer"
| #define VERSION "1.16.0"
| #define GST_API_VERSION "1.0"
| #define STDC_HEADERS 1
| #define HAVE_SYS_TYPES_H 1
| #define HAVE_SYS_STAT_H 1
| #define HAVE_STDLIB_H 1
| #define HAVE_STRING_H 1
| #define HAVE_MEMORY_H 1
| #define HAVE_STRINGS_H 1
| #define HAVE_INTTYPES_H 1
| #define HAVE_STDINT_H 1
| #define HAVE_UNISTD_H 1
| #define HAVE_DLFCN_H 1
| #define LT_OBJDIR ".libs/"
| /* end confdefs.h.  */
| /* Define shl_load to an innocuous variant, in case <limits.h> declares shl_load.
|    For example, HP-UX 11i <limits.h> declares gettimeofday.  */
| #define shl_load innocuous_shl_load
| 
| /* System header to define __stub macros and hopefully few prototypes,
|     which can conflict with char shl_load (); below.
|     Prefer <limits.h> to <assert.h> if __STDC__ is defined, since
|     <limits.h> exists even on freestanding compilers.  */
| 
| #ifdef __STDC__
| # include <limits.h>
| #else
| # include <assert.h>
| #endif
| 
| #undef shl_load
| 
| /* Override any GCC internal prototype to avoid an error.
|    Use char because int might match the return type of a GCC
|    builtin and then its argument prototype would still apply.  */
| #ifdef __cplusplus
| extern "C"
| #endif
| char shl_load ();
| /* The GNU C library defines this for functions which it implements
|     to always fail with ENOSYS.  Some functions are actually named
|     something starting with __ and the normal name is an alias.  */
| #if defined __stub_shl_load || defined __stub___shl_load
| choke me
| #endif
| 
| int
| main ()
| {
| return shl_load ();
|   ;
|   return 0;
| }
configure:12949: result: no
configure:12953: checking for shl_load in -ldld
configure:12978: gcc -o conftest -g -O2   conftest.c -ldld   >&5
/usr/bin/ld: cannot find -ldld
collect2: error: ld returned 1 exit status
configure:12978: $? = 1
configure: failed program was:
| /* confdefs.h */
| #define PACKAGE_NAME "GStreamer"
| #define PACKAGE_TARNAME "gstreamer"
| #define PACKAGE_VERSION "1.16.0"
| #define PACKAGE_STRING "GStreamer 1.16.0"
| #define PACKAGE_BUGREPORT "http://bugzilla.gnome.org/enter_bug.cgi?product=GStreamer"
| #define PACKAGE_URL ""
| #define PACKAGE "gstreamer"
| #define VERSION "1.16.0"
| #define GST_API_VERSION "1.0"
| #define STDC_HEADERS 1
| #define HAVE_SYS_TYPES_H 1
| #define HAVE_SYS_STAT_H 1
| #define HAVE_STDLIB_H 1
| #define HAVE_STRING_H 1
| #define HAVE_MEMORY_H 1
| #define HAVE_STRINGS_H 1
| #define HAVE_INTTYPES_H 1
| #define HAVE_STDINT_H 1
| #define HAVE_UNISTD_H 1
| #define HAVE_DLFCN_H 1
| #define LT_OBJDIR ".libs/"
| /* end confdefs.h.  */
| 
| /* Override any GCC internal prototype to avoid an error.
|    Use char because int might match the return type of a GCC
|    builtin and then its argument prototype would still apply.  */
| #ifdef __cplusplus
| extern "C"
| #endif
| char shl_load ();
| int
| main ()
| {
| return shl_load ();
|   ;
|   return 0;
| }
configure:12987: result: no
configure:12992: checking for dlopen
configure:12992: gcc -o conftest -g -O2   conftest.c  >&5
/tmp/ccr21uaa.o: In function `main':
/home/joshua/CLionProjects/Github/gstreamer/gstreamer-1.16.0/conftest.c:58: undefined reference to `dlopen'
collect2: error: ld returned 1 exit status
configure:12992: $? = 1
configure: failed program was:
| /* confdefs.h */
| #define PACKAGE_NAME "GStreamer"
| #define PACKAGE_TARNAME "gstreamer"
| #define PACKAGE_VERSION "1.16.0"
| #define PACKAGE_STRING "GStreamer 1.16.0"
| #define PACKAGE_BUGREPORT "http://bugzilla.gnome.org/enter_bug.cgi?product=GStreamer"
| #define PACKAGE_URL ""
| #define PACKAGE "gstreamer"
| #define VERSION "1.16.0"
| #define GST_API_VERSION "1.0"
| #define STDC_HEADERS 1
| #define HAVE_SYS_TYPES_H 1
| #define HAVE_SYS_STAT_H 1
| #define HAVE_STDLIB_H 1
| #define HAVE_STRING_H 1
| #define HAVE_MEMORY_H 1
| #define HAVE_STRINGS_H 1
| #define HAVE_INTTYPES_H 1
| #define HAVE_STDINT_H 1
| #define HAVE_UNISTD_H 1
| #define HAVE_DLFCN_H 1
| #define LT_OBJDIR ".libs/"
| /* end confdefs.h.  */
| /* Define dlopen to an innocuous variant, in case <limits.h> declares dlopen.
|    For example, HP-UX 11i <limits.h> declares gettimeofday.  */
| #define dlopen innocuous_dlopen
| 
| /* System header to define __stub macros and hopefully few prototypes,
|     which can conflict with char dlopen (); below.
|     Prefer <limits.h> to <assert.h> if __STDC__ is defined, since
|     <limits.h> exists even on freestanding compilers.  */
| 
| #ifdef __STDC__
| # include <limits.h>
| #else
| # include <assert.h>
| #endif
| 
| #undef dlopen
| 
| /* Override any GCC internal prototype to avoid an error.
|    Use char because int might match the return type of a GCC
|    builtin and then its argument prototype would still apply.  */
| #ifdef __cplusplus
| extern "C"
| #endif
| char dlopen ();
| /* The GNU C library defines this for functions which it implements
|     to always fail with ENOSYS.  Some functions are actually named
|     something starting with __ and the normal name is an alias.  */
| #if defined __stub_dlopen || defined __stub___dlopen
| choke me
| #endif
| 
| int
| main ()
| {
| return dlopen ();
|   ;
|   return 0;
| }
configure:12992: result: no
configure:12996: checking for dlopen in -ldl
configure:13021: gcc -o conftest -g -O2   conftest.c -ldl   >&5
configure:13021: $? = 0
configure:13030: result: yes
configure:13149: checking whether a program can dlopen itself
configure:13229: gcc -o conftest -g -O2  -DHAVE_DLFCN_H  -Wl,--export-dynamic conftest.c -ldl  >&5
configure:13232: $? = 0
configure:13250: result: yes
configure:13255: checking whether a statically linked program can dlopen itself
configure:13335: gcc -o conftest -g -O2  -DHAVE_DLFCN_H  -Wl,--export-dynamic -static conftest.c -ldl  >&5
/tmp/ccuSRVSl.o: In function `main':
/home/joshua/CLionProjects/Github/gstreamer/gstreamer-1.16.0/configure:13314: warning: Using 'dlopen' in statically linked applications requires at runtime the shared libraries from the glibc version used for linking
/usr/bin/ld: dynamic STT_GNU_IFUNC symbol `strcmp' with pointer equality in `/usr/lib/gcc/x86_64-linux-gnu/5/../../../x86_64-linux-gnu/libc.a(strcmp.o)' can not be used when making an executable; recompile with -fPIE and relink with -pie
collect2: error: ld returned 1 exit status
configure:13338: $? = 1
configure:13356: result: no
configure:13395: checking whether stripping libraries is possible
configure:13400: result: yes
configure:13435: checking if libtool supports shared libraries
configure:13437: result: yes
configure:13440: checking whether to build shared libraries
configure:13465: result: yes
configure:13468: checking whether to build static libraries
configure:13472: result: no
configure:13582: checking whether NLS is requested
configure:13591: result: yes
configure:13632: checking for msgfmt
configure: trying /usr/bin/msgfmt...
0 translated messages.
configure:13664: result: /usr/bin/msgfmt
configure:13673: checking for gmsgfmt
configure:13704: result: /usr/bin/msgfmt
configure:13755: checking for xgettext
configure: trying /usr/bin/xgettext...
/usr/bin/xgettext: warning: file '/dev/null' extension '' is unknown; will try C
configure:13787: result: /usr/bin/xgettext
configure:13833: checking for msgmerge
configure: trying /usr/bin/msgmerge...
configure:13864: result: /usr/bin/msgmerge
configure:13921: checking for ld used by GCC
configure:13985: result: /usr/bin/ld -m elf_x86_64
configure:13992: checking if the linker (/usr/bin/ld -m elf_x86_64) is GNU ld
configure:14005: result: yes
configure:14012: checking for shared library run path origin
configure:14025: result: done
configure:14526: checking for CFPreferencesCopyAppValue
configure:14544: gcc -o conftest -g -O2   conftest.c  -Wl,-framework -Wl,CoreFoundation >&5
conftest.c:24:42: fatal error: CoreFoundation/CFPreferences.h: No such file or directory
compilation terminated.
configure:14544: $? = 1
configure: failed program was:
| /* confdefs.h */
| #define PACKAGE_NAME "GStreamer"
| #define PACKAGE_TARNAME "gstreamer"
| #define PACKAGE_VERSION "1.16.0"
| #define PACKAGE_STRING "GStreamer 1.16.0"
| #define PACKAGE_BUGREPORT "http://bugzilla.gnome.org/enter_bug.cgi?product=GStreamer"
| #define PACKAGE_URL ""
| #define PACKAGE "gstreamer"
| #define VERSION "1.16.0"
| #define GST_API_VERSION "1.0"
| #define STDC_HEADERS 1
| #define HAVE_SYS_TYPES_H 1
| #define HAVE_SYS_STAT_H 1
| #define HAVE_STDLIB_H 1
| #define HAVE_STRING_H 1
| #define HAVE_MEMORY_H 1
| #define HAVE_STRINGS_H 1
| #define HAVE_INTTYPES_H 1
| #define HAVE_STDINT_H 1
| #define HAVE_UNISTD_H 1
| #define HAVE_DLFCN_H 1
| #define LT_OBJDIR ".libs/"
| /* end confdefs.h.  */
| #include <CoreFoundation/CFPreferences.h>
| int
| main ()
| {
| CFPreferencesCopyAppValue(NULL, NULL)
|   ;
|   return 0;
| }
configure:14553: result: no
configure:14560: checking for CFLocaleCopyCurrent
configure:14578: gcc -o conftest -g -O2   conftest.c  -Wl,-framework -Wl,CoreFoundation >&5
conftest.c:24:37: fatal error: CoreFoundation/CFLocale.h: No such file or directory
compilation terminated.
configure:14578: $? = 1
configure: failed program was:
| /* confdefs.h */
| #define PACKAGE_NAME "GStreamer"
| #define PACKAGE_TARNAME "gstreamer"
| #define PACKAGE_VERSION "1.16.0"
| #define PACKAGE_STRING "GStreamer 1.16.0"
| #define PACKAGE_BUGREPORT "http://bugzilla.gnome.org/enter_bug.cgi?product=GStreamer"
| #define PACKAGE_URL ""
| #define PACKAGE "gstreamer"
| #define VERSION "1.16.0"
| #define GST_API_VERSION "1.0"
| #define STDC_HEADERS 1
| #define HAVE_SYS_TYPES_H 1
| #define HAVE_SYS_STAT_H 1
| #define HAVE_STDLIB_H 1
| #define HAVE_STRING_H 1
| #define HAVE_MEMORY_H 1
| #define HAVE_STRINGS_H 1
| #define HAVE_INTTYPES_H 1
| #define HAVE_STDINT_H 1
| #define HAVE_UNISTD_H 1
| #define HAVE_DLFCN_H 1
| #define LT_OBJDIR ".libs/"
| /* end confdefs.h.  */
| #include <CoreFoundation/CFLocale.h>
| int
| main ()
| {
| CFLocaleCopyCurrent();
|   ;
|   return 0;
| }
configure:14587: result: no
configure:14636: checking for GNU gettext in libc
configure:14656: gcc -o conftest -g -O2   conftest.c  >&5
configure:14656: $? = 0
configure:14665: result: yes
configure:15411: checking whether to use NLS
configure:15413: result: yes
configure:15416: checking where the gettext function comes from
configure:15427: result: libc
configure:15902: checking for pkg-config
configure:15920: found /usr/bin/pkg-config
configure:15932: result: /usr/bin/pkg-config
configure:15957: checking pkg-config is at least version 0.9.0
configure:15960: result: yes
configure:15986: checking for VALGRIND
configure:15994: $PKG_CONFIG --exists --print-errors "valgrind >= $VALGRIND_REQ"
Package valgrind was not found in the pkg-config search path.
Perhaps you should add the directory containing `valgrind.pc'
to the PKG_CONFIG_PATH environment variable
No package 'valgrind' found
configure:15997: $? = 1
configure:16012: $PKG_CONFIG --exists --print-errors "valgrind >= $VALGRIND_REQ"
Package valgrind was not found in the pkg-config search path.
Perhaps you should add the directory containing `valgrind.pc'
to the PKG_CONFIG_PATH environment variable
No package 'valgrind' found
configure:16015: $? = 1
No package 'valgrind' found
configure:16043: result: no
configure:16256: Using GStreamer source release as package name
configure:16280: Using Unknown package origin as package origin
configure:16296: Using GST_PKG_CONFIG_PATH = $(top_builddir)/pkgconfig
configure:16330: Setting GST_PACKAGE_RELEASE_DATETIME to 2019-04-19
configure:16407: checking for BASH_COMPLETION
configure:16415: $PKG_CONFIG --exists --print-errors "bash-completion >= 2.0"
configure:16418: $? = 0
configure:16433: $PKG_CONFIG --exists --print-errors "bash-completion >= 2.0"
configure:16436: $? = 0
configure:16478: result: yes
configure:16550: WARNING: Sissy ! By asking to not build the tests known to fail, you hereby waive your right to customer support.  If you do not agree with this EULA, please press Ctrl-C before the next line is printed.  By allowing the next line to be printed, you expressly acknowledge your acceptance of this EULA.
configure:16614: checking whether PTP support can be enabled
configure:16640: result: yes
configure:16686: checking for cap_init in -lcap
configure:16711: gcc -o conftest -g -O2   conftest.c -lcap   >&5
/usr/bin/ld: cannot find -lcap
collect2: error: ld returned 1 exit status
configure:16711: $? = 1
configure: failed program was:
| /* confdefs.h */
| #define PACKAGE_NAME "GStreamer"
| #define PACKAGE_TARNAME "gstreamer"
| #define PACKAGE_VERSION "1.16.0"
| #define PACKAGE_STRING "GStreamer 1.16.0"
| #define PACKAGE_BUGREPORT "http://bugzilla.gnome.org/enter_bug.cgi?product=GStreamer"
| #define PACKAGE_URL ""
| #define PACKAGE "gstreamer"
| #define VERSION "1.16.0"
| #define GST_API_VERSION "1.0"
| #define STDC_HEADERS 1
| #define HAVE_SYS_TYPES_H 1
| #define HAVE_SYS_STAT_H 1
| #define HAVE_STDLIB_H 1
| #define HAVE_STRING_H 1
| #define HAVE_MEMORY_H 1
| #define HAVE_STRINGS_H 1
| #define HAVE_INTTYPES_H 1
| #define HAVE_STDINT_H 1
| #define HAVE_UNISTD_H 1
| #define HAVE_DLFCN_H 1
| #define LT_OBJDIR ".libs/"
| #define ENABLE_NLS 1
| #define HAVE_GETTEXT 1
| #define HAVE_DCGETTEXT 1
| #define GETTEXT_PACKAGE "gstreamer-1.0"
| #define LOCALEDIR "/usr/local/share/locale"
| #define GST_PACKAGE_NAME "GStreamer source release"
| #define GST_PACKAGE_ORIGIN "Unknown package origin"
| #define GST_PACKAGE_RELEASE_DATETIME "2019-04-19"
| /* end confdefs.h.  */
| 
| /* Override any GCC internal prototype to avoid an error.
|    Use char because int might match the return type of a GCC
|    builtin and then its argument prototype would still apply.  */
| #ifdef __cplusplus
| extern "C"
| #endif
| char cap_init ();
| int
| main ()
| {
| return cap_init ();
|   ;
|   return 0;
| }
configure:16720: result: no
configure:16753: checking for setcap
configure:16772: found /sbin/setcap
configure:16785: result: /sbin/setcap
configure:16799: checking for SIOCGIFCONF, SIOCGIFFLAGS and SIOCGIFHWADDR
configure:16822: gcc -c -g -O2  conftest.c >&5
configure:16822: $? = 0
configure:16824: result: yes
configure:16838: checking for getifaddrs() and AF_LINK
configure:16859: gcc -c -g -O2  conftest.c >&5
conftest.c:37:31: fatal error: net/if_dl.h: No such file or directory
compilation terminated.
configure:16859: $? = 1
configure: failed program was:
| /* confdefs.h */
| #define PACKAGE_NAME "GStreamer"
| #define PACKAGE_TARNAME "gstreamer"
| #define PACKAGE_VERSION "1.16.0"
| #define PACKAGE_STRING "GStreamer 1.16.0"
| #define PACKAGE_BUGREPORT "http://bugzilla.gnome.org/enter_bug.cgi?product=GStreamer"
| #define PACKAGE_URL ""
| #define PACKAGE "gstreamer"
| #define VERSION "1.16.0"
| #define GST_API_VERSION "1.0"
| #define STDC_HEADERS 1
| #define HAVE_SYS_TYPES_H 1
| #define HAVE_SYS_STAT_H 1
| #define HAVE_STDLIB_H 1
| #define HAVE_STRING_H 1
| #define HAVE_MEMORY_H 1
| #define HAVE_STRINGS_H 1
| #define HAVE_INTTYPES_H 1
| #define HAVE_STDINT_H 1
| #define HAVE_UNISTD_H 1
| #define HAVE_DLFCN_H 1
| #define LT_OBJDIR ".libs/"
| #define ENABLE_NLS 1
| #define HAVE_GETTEXT 1
| #define HAVE_DCGETTEXT 1
| #define GETTEXT_PACKAGE "gstreamer-1.0"
| #define LOCALEDIR "/usr/local/share/locale"
| #define GST_PACKAGE_NAME "GStreamer source release"
| #define GST_PACKAGE_ORIGIN "Unknown package origin"
| #define GST_PACKAGE_RELEASE_DATETIME "2019-04-19"
| #define HAVE_PTP 1
| #define HAVE_SIOCGIFCONF_SIOCGIFFLAGS_SIOCGIFHWADDR 1
| /* end confdefs.h.  */
| 
|         #include <ifaddrs.h>
|         #include <net/if.h>
|         #include <net/if_dl.h>
| 
| int
| main ()
| {
| 
|         struct ifaddrs *ifaddr;
|         getifaddrs(&ifaddr);
|         int dummy = (ifaddr->ifa_flags & IFF_LOOPBACK) && ifaddr->ifa_addr->sa_family != AF_LINK;
| 
|   ;
|   return 0;
| }
configure:16869: result: no
configure:16875: checking how to install gst-ptp-helper
configure:16884: result: setuid-root
configure:17060: checking whether byte ordering is bigendian
configure:17075: gcc -c -g -O2  conftest.c >&5
conftest.c:37:9: error: unknown type name 'not'
         not a universal capable compiler
         ^
conftest.c:37:15: error: expected '=', ',', ';', 'asm' or '__attribute__' before 'universal'
         not a universal capable compiler
               ^
conftest.c:37:15: error: unknown type name 'universal'
configure:17075: $? = 1
configure: failed program was:
| /* confdefs.h */
| #define PACKAGE_NAME "GStreamer"
| #define PACKAGE_TARNAME "gstreamer"
| #define PACKAGE_VERSION "1.16.0"
| #define PACKAGE_STRING "GStreamer 1.16.0"
| #define PACKAGE_BUGREPORT "http://bugzilla.gnome.org/enter_bug.cgi?product=GStreamer"
| #define PACKAGE_URL ""
| #define PACKAGE "gstreamer"
| #define VERSION "1.16.0"
| #define GST_API_VERSION "1.0"
| #define STDC_HEADERS 1
| #define HAVE_SYS_TYPES_H 1
| #define HAVE_SYS_STAT_H 1
| #define HAVE_STDLIB_H 1
| #define HAVE_STRING_H 1
| #define HAVE_MEMORY_H 1
| #define HAVE_STRINGS_H 1
| #define HAVE_INTTYPES_H 1
| #define HAVE_STDINT_H 1
| #define HAVE_UNISTD_H 1
| #define HAVE_DLFCN_H 1
| #define LT_OBJDIR ".libs/"
| #define ENABLE_NLS 1
| #define HAVE_GETTEXT 1
| #define HAVE_DCGETTEXT 1
| #define GETTEXT_PACKAGE "gstreamer-1.0"
| #define LOCALEDIR "/usr/local/share/locale"
| #define GST_PACKAGE_NAME "GStreamer source release"
| #define GST_PACKAGE_ORIGIN "Unknown package origin"
| #define GST_PACKAGE_RELEASE_DATETIME "2019-04-19"
| #define HAVE_PTP 1
| #define HAVE_SIOCGIFCONF_SIOCGIFFLAGS_SIOCGIFHWADDR 1
| #define HAVE_PTP_HELPER_SETUID 1
| #define HAVE_CPU_X86_64 1
| /* end confdefs.h.  */
| #ifndef __APPLE_CC__
| 	       not a universal capable compiler
| 	     #endif
| 	     typedef int dummy;
| 
configure:17120: gcc -c -g -O2  conftest.c >&5
configure:17120: $? = 0
configure:17138: gcc -c -g -O2  conftest.c >&5
conftest.c: In function 'main':
conftest.c:43:4: error: unknown type name 'not'
    not big endian
    ^
conftest.c:43:12: error: expected '=', ',', ';', 'asm' or '__attribute__' before 'endian'
    not big endian
            ^
configure:17138: $? = 1
configure: failed program was:
| /* confdefs.h */
| #define PACKAGE_NAME "GStreamer"
| #define PACKAGE_TARNAME "gstreamer"
| #define PACKAGE_VERSION "1.16.0"
| #define PACKAGE_STRING "GStreamer 1.16.0"
| #define PACKAGE_BUGREPORT "http://bugzilla.gnome.org/enter_bug.cgi?product=GStreamer"
| #define PACKAGE_URL ""
| #define PACKAGE "gstreamer"
| #define VERSION "1.16.0"
| #define GST_API_VERSION "1.0"
| #define STDC_HEADERS 1
| #define HAVE_SYS_TYPES_H 1
| #define HAVE_SYS_STAT_H 1
| #define HAVE_STDLIB_H 1
| #define HAVE_STRING_H 1
| #define HAVE_MEMORY_H 1
| #define HAVE_STRINGS_H 1
| #define HAVE_INTTYPES_H 1
| #define HAVE_STDINT_H 1
| #define HAVE_UNISTD_H 1
| #define HAVE_DLFCN_H 1
| #define LT_OBJDIR ".libs/"
| #define ENABLE_NLS 1
| #define HAVE_GETTEXT 1
| #define HAVE_DCGETTEXT 1
| #define GETTEXT_PACKAGE "gstreamer-1.0"
| #define LOCALEDIR "/usr/local/share/locale"
| #define GST_PACKAGE_NAME "GStreamer source release"
| #define GST_PACKAGE_ORIGIN "Unknown package origin"
| #define GST_PACKAGE_RELEASE_DATETIME "2019-04-19"
| #define HAVE_PTP 1
| #define HAVE_SIOCGIFCONF_SIOCGIFFLAGS_SIOCGIFHWADDR 1
| #define HAVE_PTP_HELPER_SETUID 1
| #define HAVE_CPU_X86_64 1
| /* end confdefs.h.  */
| #include <sys/types.h>
| 		#include <sys/param.h>
| 
| int
| main ()
| {
| #if BYTE_ORDER != BIG_ENDIAN
| 		 not big endian
| 		#endif
| 
|   ;
|   return 0;
| }
configure:17266: result: no
configure:17521: checking for special C compiler options needed for large files
configure:17566: result: no
configure:17572: checking for _FILE_OFFSET_BITS value needed for large files
configure:17597: gcc -c -g -O2  conftest.c >&5
configure:17597: $? = 0
configure:17629: result: no
configure:17764: checking for gcc
configure:17791: result: gcc
configure:18020: checking for C compiler version
configure:18029: gcc --version >&5
gcc (Ubuntu 5.4.0-6ubuntu1~16.04.10) 5.4.0 20160609
Copyright (C) 2015 Free Software Foundation, Inc.
This is free software; see the source for copying conditions.  There is NO
warranty; not even for MERCHANTABILITY or FITNESS FOR A PARTICULAR PURPOSE.

configure:18040: $? = 0
configure:18029: gcc -v >&5
Using built-in specs.
COLLECT_GCC=gcc
COLLECT_LTO_WRAPPER=/usr/lib/gcc/x86_64-linux-gnu/5/lto-wrapper
Target: x86_64-linux-gnu
Configured with: ../src/configure -v --with-pkgversion='Ubuntu 5.4.0-6ubuntu1~16.04.10' --with-bugurl=file:///usr/share/doc/gcc-5/README.Bugs --enable-languages=c,ada,c++,java,go,d,fortran,objc,obj-c++ --prefix=/usr --program-suffix=-5 --enable-shared --enable-linker-build-id --libexecdir=/usr/lib --without-included-gettext --enable-threads=posix --libdir=/usr/lib --enable-nls --with-sysroot=/ --enable-clocale=gnu --enable-libstdcxx-debug --enable-libstdcxx-time=yes --with-default-libstdcxx-abi=new --enable-gnu-unique-object --disable-vtable-verify --enable-libmpx --enable-plugin --with-system-zlib --disable-browser-plugin --enable-java-awt=gtk --enable-gtk-cairo --with-java-home=/usr/lib/jvm/java-1.5.0-gcj-5-amd64/jre --enable-java-home --with-jvm-root-dir=/usr/lib/jvm/java-1.5.0-gcj-5-amd64 --with-jvm-jar-dir=/usr/lib/jvm-exports/java-1.5.0-gcj-5-amd64 --with-arch-directory=amd64 --with-ecj-jar=/usr/share/java/eclipse-ecj.jar --enable-objc-gc --enable-multiarch --disable-werror --with-arch-32=i686 --with-abi=m64 --with-multilib-list=m32,m64,mx32 --enable-multilib --with-tune=generic --enable-checking=release --build=x86_64-linux-gnu --host=x86_64-linux-gnu --target=x86_64-linux-gnu
Thread model: posix
gcc version 5.4.0 20160609 (Ubuntu 5.4.0-6ubuntu1~16.04.10) 
configure:18040: $? = 0
configure:18029: gcc -V >&5
gcc: error: unrecognized command line option '-V'
gcc: fatal error: no input files
compilation terminated.
configure:18040: $? = 1
configure:18029: gcc -qversion >&5
gcc: error: unrecognized command line option '-qversion'
gcc: fatal error: no input files
compilation terminated.
configure:18040: $? = 1
configure:18044: checking whether we are using the GNU C compiler
configure:18072: result: yes
configure:18081: checking whether gcc accepts -g
configure:18142: result: yes
configure:18159: checking for gcc option to accept ISO C89
configure:18235: result: none needed
configure:18260: checking whether gcc understands -c and -o together
configure:18297: result: yes
configure:18316: checking dependency style of gcc
configure:18427: result: gcc3
configure:18446: checking for gcc option to accept ISO C99
configure:18595: gcc  -c -g -O2  conftest.c >&5
configure:18595: $? = 0
configure:18608: result: none needed
configure:18716: checking for gcc option to accept ISO Standard C
configure:18727: result: none needed
configure:18746: checking dependency style of gcc
configure:18855: result: gcc3
configure:18929: checking for g++
configure:18945: found /usr/bin/g++
configure:18956: result: g++
configure:18983: checking for C++ compiler version
configure:18992: g++ --version >&5
g++ (Ubuntu 5.4.0-6ubuntu1~16.04.10) 5.4.0 20160609
Copyright (C) 2015 Free Software Foundation, Inc.
This is free software; see the source for copying conditions.  There is NO
warranty; not even for MERCHANTABILITY or FITNESS FOR A PARTICULAR PURPOSE.

configure:19003: $? = 0
configure:18992: g++ -v >&5
Using built-in specs.
COLLECT_GCC=g++
COLLECT_LTO_WRAPPER=/usr/lib/gcc/x86_64-linux-gnu/5/lto-wrapper
Target: x86_64-linux-gnu
Configured with: ../src/configure -v --with-pkgversion='Ubuntu 5.4.0-6ubuntu1~16.04.10' --with-bugurl=file:///usr/share/doc/gcc-5/README.Bugs --enable-languages=c,ada,c++,java,go,d,fortran,objc,obj-c++ --prefix=/usr --program-suffix=-5 --enable-shared --enable-linker-build-id --libexecdir=/usr/lib --without-included-gettext --enable-threads=posix --libdir=/usr/lib --enable-nls --with-sysroot=/ --enable-clocale=gnu --enable-libstdcxx-debug --enable-libstdcxx-time=yes --with-default-libstdcxx-abi=new --enable-gnu-unique-object --disable-vtable-verify --enable-libmpx --enable-plugin --with-system-zlib --disable-browser-plugin --enable-java-awt=gtk --enable-gtk-cairo --with-java-home=/usr/lib/jvm/java-1.5.0-gcj-5-amd64/jre --enable-java-home --with-jvm-root-dir=/usr/lib/jvm/java-1.5.0-gcj-5-amd64 --with-jvm-jar-dir=/usr/lib/jvm-exports/java-1.5.0-gcj-5-amd64 --with-arch-directory=amd64 --with-ecj-jar=/usr/share/java/eclipse-ecj.jar --enable-objc-gc --enable-multiarch --disable-werror --with-arch-32=i686 --with-abi=m64 --with-multilib-list=m32,m64,mx32 --enable-multilib --with-tune=generic --enable-checking=release --build=x86_64-linux-gnu --host=x86_64-linux-gnu --target=x86_64-linux-gnu
Thread model: posix
gcc version 5.4.0 20160609 (Ubuntu 5.4.0-6ubuntu1~16.04.10) 
configure:19003: $? = 0
configure:18992: g++ -V >&5
g++: error: unrecognized command line option '-V'
g++: fatal error: no input files
compilation terminated.
configure:19003: $? = 1
configure:18992: g++ -qversion >&5
g++: error: unrecognized command line option '-qversion'
g++: fatal error: no input files
compilation terminated.
configure:19003: $? = 1
configure:19007: checking whether we are using the GNU C++ compiler
configure:19026: g++ -c   conftest.cpp >&5
configure:19026: $? = 0
configure:19035: result: yes
configure:19044: checking whether g++ accepts -g
configure:19064: g++ -c -g  conftest.cpp >&5
configure:19064: $? = 0
configure:19105: result: yes
configure:19130: checking dependency style of g++
configure:19241: result: gcc3
configure:19274: checking how to run the C++ preprocessor
configure:19301: g++ -E  conftest.cpp
configure:19301: $? = 0
configure:19315: g++ -E  conftest.cpp
conftest.cpp:38:28: fatal error: ac_nonexistent.h: No such file or directory
compilation terminated.
configure:19315: $? = 1
configure: failed program was:
| /* confdefs.h */
| #define PACKAGE_NAME "GStreamer"
| #define PACKAGE_TARNAME "gstreamer"
| #define PACKAGE_VERSION "1.16.0"
| #define PACKAGE_STRING "GStreamer 1.16.0"
| #define PACKAGE_BUGREPORT "http://bugzilla.gnome.org/enter_bug.cgi?product=GStreamer"
| #define PACKAGE_URL ""
| #define PACKAGE "gstreamer"
| #define VERSION "1.16.0"
| #define GST_API_VERSION "1.0"
| #define STDC_HEADERS 1
| #define HAVE_SYS_TYPES_H 1
| #define HAVE_SYS_STAT_H 1
| #define HAVE_STDLIB_H 1
| #define HAVE_STRING_H 1
| #define HAVE_MEMORY_H 1
| #define HAVE_STRINGS_H 1
| #define HAVE_INTTYPES_H 1
| #define HAVE_STDINT_H 1
| #define HAVE_UNISTD_H 1
| #define HAVE_DLFCN_H 1
| #define LT_OBJDIR ".libs/"
| #define ENABLE_NLS 1
| #define HAVE_GETTEXT 1
| #define HAVE_DCGETTEXT 1
| #define GETTEXT_PACKAGE "gstreamer-1.0"
| #define LOCALEDIR "/usr/local/share/locale"
| #define GST_PACKAGE_NAME "GStreamer source release"
| #define GST_PACKAGE_ORIGIN "Unknown package origin"
| #define GST_PACKAGE_RELEASE_DATETIME "2019-04-19"
| #define HAVE_PTP 1
| #define HAVE_SIOCGIFCONF_SIOCGIFFLAGS_SIOCGIFHWADDR 1
| #define HAVE_PTP_HELPER_SETUID 1
| #define HAVE_CPU_X86_64 1
| #define HOST_CPU "x86_64"
| #define TARGET_CPU "x86_64"
| /* end confdefs.h.  */
| #include <ac_nonexistent.h>
configure:19340: result: g++ -E
configure:19360: g++ -E  conftest.cpp
configure:19360: $? = 0
configure:19374: g++ -E  conftest.cpp
conftest.cpp:38:28: fatal error: ac_nonexistent.h: No such file or directory
compilation terminated.
configure:19374: $? = 1
configure: failed program was:
| /* confdefs.h */
| #define PACKAGE_NAME "GStreamer"
| #define PACKAGE_TARNAME "gstreamer"
| #define PACKAGE_VERSION "1.16.0"
| #define PACKAGE_STRING "GStreamer 1.16.0"
| #define PACKAGE_BUGREPORT "http://bugzilla.gnome.org/enter_bug.cgi?product=GStreamer"
| #define PACKAGE_URL ""
| #define PACKAGE "gstreamer"
| #define VERSION "1.16.0"
| #define GST_API_VERSION "1.0"
| #define STDC_HEADERS 1
| #define HAVE_SYS_TYPES_H 1
| #define HAVE_SYS_STAT_H 1
| #define HAVE_STDLIB_H 1
| #define HAVE_STRING_H 1
| #define HAVE_MEMORY_H 1
| #define HAVE_STRINGS_H 1
| #define HAVE_INTTYPES_H 1
| #define HAVE_STDINT_H 1
| #define HAVE_UNISTD_H 1
| #define HAVE_DLFCN_H 1
| #define LT_OBJDIR ".libs/"
| #define ENABLE_NLS 1
| #define HAVE_GETTEXT 1
| #define HAVE_DCGETTEXT 1
| #define GETTEXT_PACKAGE "gstreamer-1.0"
| #define LOCALEDIR "/usr/local/share/locale"
| #define GST_PACKAGE_NAME "GStreamer source release"
| #define GST_PACKAGE_ORIGIN "Unknown package origin"
| #define GST_PACKAGE_RELEASE_DATETIME "2019-04-19"
| #define HAVE_PTP 1
| #define HAVE_SIOCGIFCONF_SIOCGIFFLAGS_SIOCGIFHWADDR 1
| #define HAVE_PTP_HELPER_SETUID 1
| #define HAVE_CPU_X86_64 1
| #define HOST_CPU "x86_64"
| #define TARGET_CPU "x86_64"
| /* end confdefs.h.  */
| #include <ac_nonexistent.h>
configure:19536: checking for ld used by g++
configure:19603: result: /usr/bin/ld -m elf_x86_64
configure:19610: checking if the linker (/usr/bin/ld -m elf_x86_64) is GNU ld
configure:19625: result: yes
configure:19680: checking whether the g++ linker (/usr/bin/ld -m elf_x86_64) supports shared libraries
configure:20753: result: yes
configure:20789: g++ -c -g -O2  conftest.cpp >&5
configure:20792: $? = 0
configure:21273: checking for g++ option to produce PIC
configure:21280: result: -fPIC -DPIC
configure:21288: checking if g++ PIC flag -fPIC -DPIC works
configure:21306: g++ -c -g -O2  -fPIC -DPIC -DPIC conftest.cpp >&5
configure:21310: $? = 0
configure:21323: result: yes
configure:21346: checking if g++ static flag -static works
configure:21374: result: yes
configure:21386: checking if g++ supports -c -o file.o
configure:21407: g++ -c -g -O2  -o out/conftest2.o conftest.cpp >&5
configure:21411: $? = 0
configure:21433: result: yes
configure:21438: checking if g++ supports -c -o file.o
configure:21485: result: yes
configure:21515: checking whether the g++ linker (/usr/bin/ld -m elf_x86_64) supports shared libraries
configure:21558: result: yes
configure:21699: checking dynamic linker characteristics
configure:22456: result: GNU/Linux ld.so
configure:22521: checking how to hardcode library paths into programs
configure:22546: result: immediate
configure:22603: g++ -c -g -O2  conftest.cpp >&5
configure:22603: $? = 0
configure:22615: working c++ compiler found: yes
configure:22628: checking for perl
configure:22646: found /usr/bin/perl
configure:22659: result: /usr/bin/perl
configure:22675: checking for bison
configure:22706: result: no
configure:22715: error: Could not find bison

## ---------------- ##
## Cache variables. ##
## ---------------- ##

ac_cv_build=x86_64-pc-linux-gnu
ac_cv_c_bigendian=no
ac_cv_c_compiler_gnu=yes
ac_cv_cxx_compiler_gnu=yes
ac_cv_env_BASH_COMPLETION_CFLAGS_set=
ac_cv_env_BASH_COMPLETION_CFLAGS_value=
ac_cv_env_BASH_COMPLETION_LIBS_set=
ac_cv_env_BASH_COMPLETION_LIBS_value=
ac_cv_env_CCASFLAGS_set=
ac_cv_env_CCASFLAGS_value=
ac_cv_env_CCAS_set=
ac_cv_env_CCAS_value=
ac_cv_env_CCC_set=
ac_cv_env_CCC_value=
ac_cv_env_CC_set=
ac_cv_env_CC_value=
ac_cv_env_CFLAGS_set=
ac_cv_env_CFLAGS_value=
ac_cv_env_CPPFLAGS_set=
ac_cv_env_CPPFLAGS_value=
ac_cv_env_CPP_set=
ac_cv_env_CPP_value=
ac_cv_env_CXXCPP_set=
ac_cv_env_CXXCPP_value=
ac_cv_env_CXXFLAGS_set=
ac_cv_env_CXXFLAGS_value=
ac_cv_env_CXX_set=
ac_cv_env_CXX_value=
ac_cv_env_DW_CFLAGS_set=
ac_cv_env_DW_CFLAGS_value=
ac_cv_env_DW_LIBS_set=
ac_cv_env_DW_LIBS_value=
ac_cv_env_GIO_CFLAGS_set=
ac_cv_env_GIO_CFLAGS_value=
ac_cv_env_GIO_LIBS_set=
ac_cv_env_GIO_LIBS_value=
ac_cv_env_GLIB_CFLAGS_set=
ac_cv_env_GLIB_CFLAGS_value=
ac_cv_env_GLIB_LIBS_set=
ac_cv_env_GLIB_LIBS_value=
ac_cv_env_GTKDOC_DEPS_CFLAGS_set=
ac_cv_env_GTKDOC_DEPS_CFLAGS_value=
ac_cv_env_GTKDOC_DEPS_LIBS_set=
ac_cv_env_GTKDOC_DEPS_LIBS_value=
ac_cv_env_GTK_CFLAGS_set=
ac_cv_env_GTK_CFLAGS_value=
ac_cv_env_GTK_LIBS_set=
ac_cv_env_GTK_LIBS_value=
ac_cv_env_LDFLAGS_set=
ac_cv_env_LDFLAGS_value=
ac_cv_env_LIBS_set=
ac_cv_env_LIBS_value=
ac_cv_env_LT_SYS_LIBRARY_PATH_set=
ac_cv_env_LT_SYS_LIBRARY_PATH_value=
ac_cv_env_PKG_CONFIG_set=
ac_cv_env_PKG_CONFIG_value=
ac_cv_env_PYTHON_set=
ac_cv_env_PYTHON_value=
ac_cv_env_UNWIND_CFLAGS_set=
ac_cv_env_UNWIND_CFLAGS_value=
ac_cv_env_UNWIND_LIBS_set=
ac_cv_env_UNWIND_LIBS_value=
ac_cv_env_VALGRIND_CFLAGS_set=
ac_cv_env_VALGRIND_CFLAGS_value=
ac_cv_env_VALGRIND_LIBS_set=
ac_cv_env_VALGRIND_LIBS_value=
ac_cv_env_build_alias_set=
ac_cv_env_build_alias_value=
ac_cv_env_host_alias_set=
ac_cv_env_host_alias_value=
ac_cv_env_target_alias_set=
ac_cv_env_target_alias_value=
ac_cv_func_dlopen=no
ac_cv_func_shl_load=no
ac_cv_header_dlfcn_h=yes
ac_cv_header_inttypes_h=yes
ac_cv_header_memory_h=yes
ac_cv_header_stdc=yes
ac_cv_header_stdint_h=yes
ac_cv_header_stdlib_h=yes
ac_cv_header_string_h=yes
ac_cv_header_strings_h=yes
ac_cv_header_sys_stat_h=yes
ac_cv_header_sys_types_h=yes
ac_cv_header_unistd_h=yes
ac_cv_host=x86_64-pc-linux-gnu
ac_cv_lib_cap_cap_init=no
ac_cv_lib_dl_dlopen=yes
ac_cv_lib_dld_shl_load=no
ac_cv_objext=o
ac_cv_path_BISON_PATH=no
ac_cv_path_EGREP='/bin/grep -E'
ac_cv_path_FGREP='/bin/grep -F'
ac_cv_path_GMSGFMT=/usr/bin/msgfmt
ac_cv_path_GREP=/bin/grep
ac_cv_path_MSGFMT=/usr/bin/msgfmt
ac_cv_path_MSGMERGE=/usr/bin/msgmerge
ac_cv_path_PERL_PATH=/usr/bin/perl
ac_cv_path_SED=/bin/sed
ac_cv_path_SETCAP=/sbin/setcap
ac_cv_path_XGETTEXT=/usr/bin/xgettext
ac_cv_path_ac_pt_PKG_CONFIG=/usr/bin/pkg-config
ac_cv_path_install='/usr/bin/install -c'
ac_cv_path_lt_DD=/bin/dd
ac_cv_path_mkdir=/bin/mkdir
ac_cv_prog_AWK=mawk
ac_cv_prog_CPP='gcc -E'
ac_cv_prog_CXXCPP='g++ -E'
ac_cv_prog_ac_ct_AR=ar
ac_cv_prog_ac_ct_CC=gcc
ac_cv_prog_ac_ct_CXX=g++
ac_cv_prog_ac_ct_MANIFEST_TOOL=mt
ac_cv_prog_ac_ct_OBJDUMP=objdump
ac_cv_prog_ac_ct_RANLIB=ranlib
ac_cv_prog_ac_ct_STRIP=strip
ac_cv_prog_cc_c89=
ac_cv_prog_cc_c99=
ac_cv_prog_cc_g=yes
ac_cv_prog_cc_stdc=
ac_cv_prog_cxx_g=yes
ac_cv_prog_make_make_set=yes
ac_cv_sys_file_offset_bits=no
ac_cv_sys_largefile_CC=no
ac_cv_target=x86_64-pc-linux-gnu
acl_cv_hardcode_direct=no
acl_cv_hardcode_libdir_flag_spec='${wl}-rpath ${wl}$libdir'
acl_cv_hardcode_libdir_separator=
acl_cv_hardcode_minus_L=no
acl_cv_libext=a
acl_cv_libname_spec='lib$name'
acl_cv_library_names_spec='$libname$shrext'
acl_cv_path_LD='/usr/bin/ld -m elf_x86_64'
acl_cv_prog_gnu_ld=yes
acl_cv_rpath=done
acl_cv_shlibext=so
acl_cv_wl=-Wl,
am_cv_CCAS_dependencies_compiler_type=gcc3
am_cv_CC_dependencies_compiler_type=gcc3
am_cv_CXX_dependencies_compiler_type=gcc3
am_cv_make_support_nested_variables=yes
am_cv_prog_cc_c_o=yes
am_cv_prog_tar_ustar=gnutar
gt_cv_func_CFLocaleCopyCurrent=no
gt_cv_func_CFPreferencesCopyAppValue=no
gt_cv_func_gnugettext1_libc=yes
lt_cv_ar_at_file=@
lt_cv_archive_cmds_need_lc=no
lt_cv_deplibs_check_method=pass_all
lt_cv_dlopen=dlopen
lt_cv_dlopen_libs=-ldl
lt_cv_dlopen_self=yes
lt_cv_dlopen_self_static=no
lt_cv_file_magic_cmd='$MAGIC_CMD'
lt_cv_file_magic_test_file=
lt_cv_ld_reload_flag=-r
lt_cv_nm_interface='BSD nm'
lt_cv_objdir=.libs
lt_cv_path_LD=/usr/bin/ld
lt_cv_path_LDCXX='/usr/bin/ld -m elf_x86_64'
lt_cv_path_NM='/usr/bin/nm -B'
lt_cv_path_mainfest_tool=no
lt_cv_prog_compiler_c_o=yes
lt_cv_prog_compiler_c_o_CXX=yes
lt_cv_prog_compiler_pic='-fPIC -DPIC'
lt_cv_prog_compiler_pic_CXX='-fPIC -DPIC'
lt_cv_prog_compiler_pic_works=yes
lt_cv_prog_compiler_pic_works_CXX=yes
lt_cv_prog_compiler_rtti_exceptions=no
lt_cv_prog_compiler_static_works=yes
lt_cv_prog_compiler_static_works_CXX=yes
lt_cv_prog_gnu_ld=yes
lt_cv_prog_gnu_ldcxx=yes
lt_cv_sharedlib_from_linklib_cmd='printf %s\n'
lt_cv_shlibpath_overrides_runpath=no
lt_cv_sys_global_symbol_pipe='sed -n -e '\''s/^.*[	 ]\([ABCDGIRSTW][ABCDGIRSTW]*\)[	 ][	 ]*\([_A-Za-z][_A-Za-z0-9]*\)$/\1 \2 \2/p'\'' | sed '\''/ __gnu_lto/d'\'''
lt_cv_sys_global_symbol_to_c_name_address='sed -n -e '\''s/^: \(.*\) .*$/  {"\1", (void *) 0},/p'\'' -e '\''s/^[ABCDGIRSTW][ABCDGIRSTW]* .* \(.*\)$/  {"\1", (void *) \&\1},/p'\'''
lt_cv_sys_global_symbol_to_c_name_address_lib_prefix='sed -n -e '\''s/^: \(.*\) .*$/  {"\1", (void *) 0},/p'\'' -e '\''s/^[ABCDGIRSTW][ABCDGIRSTW]* .* \(lib.*\)$/  {"\1", (void *) \&\1},/p'\'' -e '\''s/^[ABCDGIRSTW][ABCDGIRSTW]* .* \(.*\)$/  {"lib\1", (void *) \&\1},/p'\'''
lt_cv_sys_global_symbol_to_cdecl='sed -n -e '\''s/^T .* \(.*\)$/extern int \1();/p'\'' -e '\''s/^[ABCDGIRSTW][ABCDGIRSTW]* .* \(.*\)$/extern char \1;/p'\'''
lt_cv_sys_global_symbol_to_import=
lt_cv_sys_max_cmd_len=1572864
lt_cv_to_host_file_cmd=func_convert_file_noop
lt_cv_to_tool_file_cmd=func_convert_file_noop
lt_cv_truncate_bin='/bin/dd bs=4096 count=1'
pkg_cv_BASH_COMPLETION_CFLAGS=
pkg_cv_BASH_COMPLETION_LIBS=

## ----------------- ##
## Output variables. ##
## ----------------- ##

ACLOCAL='${SHELL} /home/joshua/CLionProjects/Github/gstreamer/gstreamer-1.16.0/missing aclocal-1.16'
ACLOCAL_AMFLAGS='-I m4 -I common/m4'
AMDEPBACKSLASH='\'
AMDEP_FALSE='#'
AMDEP_TRUE=''
AMTAR='$${TAR-tar}'
AM_BACKSLASH='\'
AM_DEFAULT_V='$(AM_DEFAULT_VERBOSITY)'
AM_DEFAULT_VERBOSITY='0'
AM_V='$(V)'
AR='ar'
AS='as'
AUTOCONF='${SHELL} /home/joshua/CLionProjects/Github/gstreamer/gstreamer-1.16.0/missing autoconf'
AUTOHEADER='${SHELL} /home/joshua/CLionProjects/Github/gstreamer/gstreamer-1.16.0/missing autoheader'
AUTOMAKE='${SHELL} /home/joshua/CLionProjects/Github/gstreamer/gstreamer-1.16.0/missing automake-1.16'
AWK='mawk'
BASH_COMPLETION_CFLAGS=''
BASH_COMPLETION_DIR='/usr/share/bash-completion/completions'
BASH_COMPLETION_LIBS=''
BASH_HELPERS_DIR='/usr/share/bash-completion/helpers'
BISON_PATH='no'
BUILD_BENCHMARKS_FALSE='#'
BUILD_BENCHMARKS_TRUE=''
BUILD_EXAMPLES_FALSE='#'
BUILD_EXAMPLES_TRUE=''
BUILD_FAILING_TESTS_FALSE=''
BUILD_FAILING_TESTS_TRUE='#'
BUILD_TESTS_FALSE='#'
BUILD_TESTS_TRUE=''
BUILD_TOOLS_FALSE='#'
BUILD_TOOLS_TRUE=''
CAP_LIBS=''
CC='gcc'
CCAS='gcc'
CCASDEPMODE='depmode=gcc3'
CCASFLAGS='-g -O2'
CCDEPMODE='depmode=gcc3'
CFLAGS='-g -O2'
CHECK_MAJOR_VERSION=''
CHECK_MICRO_VERSION=''
CHECK_MINOR_VERSION=''
CHECK_VERSION=''
CPP='gcc -E'
CPPFLAGS=''
CXX='g++'
CXXCPP='g++ -E'
CXXDEPMODE='depmode=gcc3'
CXXFLAGS='-g -O2'
CYGPATH_W='echo'
DATADIR=''
DEFS=''
DEPDIR='.deps'
DEPRECATED_CFLAGS=''
DLLTOOL='false'
DSYMUTIL=''
DUMPBIN=''
DW_CFLAGS=''
DW_LIBS=''
DW_REQUIRE=''
ECHO_C=''
ECHO_N='-n'
ECHO_T=''
EGREP='/bin/grep -E'
ENABLE_BASH_COMPLETION_FALSE='#'
ENABLE_BASH_COMPLETION_TRUE=''
ENABLE_GTK_DOC_FALSE=''
ENABLE_GTK_DOC_TRUE=''
ENABLE_PLUGIN_DOCS_FALSE=''
ENABLE_PLUGIN_DOCS_TRUE=''
ENABLE_SUBUNIT=''
ERROR_CFLAGS=''
EXEEXT=''
EXTRA_CFLAGS=''
FFLAGS=''
FGREP='/bin/grep -F'
FLEX_PATH=''
GCOV=''
GCOV_CFLAGS=''
GCOV_LIBS=''
GETTEXT_MACRO_VERSION='0.17'
GETTEXT_PACKAGE='gstreamer-1.0'
GIO_CFLAGS=''
GIO_LDFLAGS=''
GIO_LIBS=''
GLIB_CFLAGS=''
GLIB_EXTRA_CFLAGS=''
GLIB_GENMARSHAL=''
GLIB_LIBS=''
GLIB_MKENUMS=''
GLIB_PREFIX=''
GLIB_REQ=''
GMP_LIBS=''
GMSGFMT='/usr/bin/msgfmt'
GMSGFMT_015='/usr/bin/msgfmt'
GREP='/bin/grep'
GSL_LIBS=''
GSTCONFIG_BUILT_WITH_MSVC='0'
GST_AGE='1600'
GST_ALL_CFLAGS=''
GST_ALL_CXXFLAGS=''
GST_ALL_LDFLAGS=''
GST_ALL_LIBS=''
GST_API_VERSION='1.0'
GST_COMPLETION_HELPER_INSTALLED=''
GST_CURRENT='1600'
GST_DISABLE_CAST_CHECKS_DEFINE='0'
GST_DISABLE_GLIB_ASSERTS_DEFINE='0'
GST_DISABLE_GLIB_CHECKS_DEFINE='0'
GST_DISABLE_GST_DEBUG_DEFINE='/* #undef GST_DISABLE_GST_DEBUG */'
GST_DISABLE_GST_DEBUG_FALSE=''
GST_DISABLE_GST_DEBUG_TRUE='#'
GST_DISABLE_GST_TRACER_HOOKS_DEFINE='/* #undef GST_DISABLE_GST_TRACER_HOOKS */'
GST_DISABLE_GST_TRACER_HOOKS_FALSE=''
GST_DISABLE_GST_TRACER_HOOKS_TRUE='#'
GST_DISABLE_OPTION_PARSING_DEFINE='/* #undef GST_DISABLE_OPTION_PARSING */'
GST_DISABLE_OPTION_PARSING_FALSE=''
GST_DISABLE_OPTION_PARSING_TRUE='#'
GST_DISABLE_PARSE_DEFINE='/* #undef GST_DISABLE_PARSE */'
GST_DISABLE_PARSE_FALSE=''
GST_DISABLE_PARSE_TRUE='#'
GST_DISABLE_PLUGIN_DEFINE='/* #undef GST_DISABLE_PLUGIN */'
GST_DISABLE_PLUGIN_FALSE=''
GST_DISABLE_PLUGIN_TRUE='#'
GST_DISABLE_REGISTRY_DEFINE='/* #undef GST_DISABLE_REGISTRY */'
GST_DISABLE_REGISTRY_FALSE=''
GST_DISABLE_REGISTRY_TRUE='#'
GST_GCOV_ENABLED_FALSE=''
GST_GCOV_ENABLED_TRUE='#'
GST_HAVE_MONOTONIC_CLOCK_DEFINE=''
GST_HAVE_MONOTONIC_CLOCK_FALSE=''
GST_HAVE_MONOTONIC_CLOCK_TRUE=''
GST_HAVE_POSIX_TIMERS_DEFINE=''
GST_HAVE_POSIX_TIMERS_FALSE=''
GST_HAVE_POSIX_TIMERS_TRUE=''
GST_LEVEL_DEFAULT=''
GST_LIBVERSION='1600:0:1600'
GST_LIB_LDFLAGS=''
GST_LICENSE=''
GST_LT_LDFLAGS=' -version-info 1600:0:1600'
GST_OBJ_CFLAGS=''
GST_OBJ_CXXFLAGS=''
GST_OBJ_LIBS=''
GST_OPTION_CFLAGS=''
GST_OPTION_CXXFLAGS=''
GST_PACKAGE_NAME='GStreamer source release'
GST_PACKAGE_ORIGIN='Unknown package origin'
GST_PKG_CONFIG_PATH='$(top_builddir)/pkgconfig'
GST_PLUGIN_LDFLAGS=''
GST_PLUGIN_SCANNER_INSTALLED=''
GST_PTP_HELPER_INSTALLED=''
GST_REGISTRY_DOC_TYPES=''
GST_REVISION='0'
GST_VERSION_MAJOR='1'
GST_VERSION_MICRO='0'
GST_VERSION_MINOR='16'
GST_VERSION_NANO='0'
GTKDOC_CHECK=''
GTKDOC_DEPS_CFLAGS=''
GTKDOC_DEPS_LIBS=''
GTKDOC_MKPDF=''
GTKDOC_REBASE=''
GTK_CFLAGS=''
GTK_DOC_BUILD_HTML_FALSE=''
GTK_DOC_BUILD_HTML_TRUE=''
GTK_DOC_BUILD_PDF_FALSE=''
GTK_DOC_BUILD_PDF_TRUE=''
GTK_DOC_USE_LIBTOOL_FALSE=''
GTK_DOC_USE_LIBTOOL_TRUE=''
GTK_LIBS=''
HAVE_ALARM_FALSE=''
HAVE_ALARM_TRUE=''
HAVE_CAP='no'
HAVE_CHECK_FALSE=''
HAVE_CHECK_TRUE=''
HAVE_CLOCK_GETTIME_FALSE=''
HAVE_CLOCK_GETTIME_TRUE=''
HAVE_CPU_ALPHA_FALSE=''
HAVE_CPU_ALPHA_TRUE='#'
HAVE_CPU_ARC_FALSE=''
HAVE_CPU_ARC_TRUE='#'
HAVE_CPU_ARM_FALSE=''
HAVE_CPU_ARM_TRUE='#'
HAVE_CPU_CRISV32_FALSE=''
HAVE_CPU_CRISV32_TRUE='#'
HAVE_CPU_CRIS_FALSE=''
HAVE_CPU_CRIS_TRUE='#'
HAVE_CPU_HPPA_FALSE=''
HAVE_CPU_HPPA_TRUE='#'
HAVE_CPU_I386_FALSE=''
HAVE_CPU_I386_TRUE='#'
HAVE_CPU_IA64_FALSE=''
HAVE_CPU_IA64_TRUE='#'
HAVE_CPU_M68K_FALSE=''
HAVE_CPU_M68K_TRUE='#'
HAVE_CPU_MIPS_FALSE=''
HAVE_CPU_MIPS_TRUE='#'
HAVE_CPU_PPC64_FALSE=''
HAVE_CPU_PPC64_TRUE='#'
HAVE_CPU_PPC_FALSE=''
HAVE_CPU_PPC_TRUE='#'
HAVE_CPU_S390_FALSE=''
HAVE_CPU_S390_TRUE='#'
HAVE_CPU_SPARC_FALSE=''
HAVE_CPU_SPARC_TRUE='#'
HAVE_CPU_X86_64_FALSE='#'
HAVE_CPU_X86_64_TRUE=''
HAVE_CXX_FALSE='#'
HAVE_CXX_TRUE=''
HAVE_FORK=''
HAVE_GETLINE_FALSE=''
HAVE_GETLINE_TRUE=''
HAVE_GETRUSAGE_FALSE=''
HAVE_GETRUSAGE_TRUE=''
HAVE_GETTIMEOFDAY_FALSE=''
HAVE_GETTIMEOFDAY_TRUE=''
HAVE_GMP=''
HAVE_GSL=''
HAVE_GTK_FALSE=''
HAVE_GTK_TRUE=''
HAVE_INTROSPECTION_FALSE=''
HAVE_INTROSPECTION_TRUE=''
HAVE_LOCALTIME_R_FALSE=''
HAVE_LOCALTIME_R_TRUE=''
HAVE_PTHREAD_FALSE=''
HAVE_PTHREAD_TRUE=''
HAVE_PTP_FALSE='#'
HAVE_PTP_HELPER_CAPABILITIES_FALSE=''
HAVE_PTP_HELPER_CAPABILITIES_TRUE='#'
HAVE_PTP_HELPER_SETUID_FALSE='#'
HAVE_PTP_HELPER_SETUID_TRUE=''
HAVE_PTP_TRUE=''
HAVE_STRDUP_FALSE=''
HAVE_STRDUP_TRUE=''
HAVE_STRSIGNAL_FALSE=''
HAVE_STRSIGNAL_TRUE=''
HAVE_SYS_SOCKET_H_FALSE=''
HAVE_SYS_SOCKET_H_TRUE=''
HAVE_SYS_TIMES_H_AND_UNISTD_H_FALSE=''
HAVE_SYS_TIMES_H_AND_UNISTD_H_TRUE=''
HAVE_TIMER_CREATE_SETTIME_DELETE_FALSE=''
HAVE_TIMER_CREATE_SETTIME_DELETE_TRUE=''
HAVE_VALGRIND_FALSE=''
HAVE_VALGRIND_TRUE=''
HAVE_WINSOCK2_H_FALSE=''
HAVE_WINSOCK2_H_TRUE=''
HTML_DIR=''
INSTALL_DATA='${INSTALL} -m 644'
INSTALL_PROGRAM='${INSTALL}'
INSTALL_SCRIPT='${INSTALL}'
INSTALL_STRIP_PROGRAM='$(install_sh) -c -s'
INTLLIBS=''
INTL_MACOSX_LIBS=''
INTROSPECTION_CFLAGS=''
INTROSPECTION_COMPILER=''
INTROSPECTION_GENERATE=''
INTROSPECTION_GIRDIR=''
INTROSPECTION_INIT=''
INTROSPECTION_LIBS=''
INTROSPECTION_MAKEFILE=''
INTROSPECTION_SCANNER=''
INTROSPECTION_TYPELIBDIR=''
LD='/usr/bin/ld -m elf_x86_64'
LDFLAGS=''
LIBDIR=''
LIBICONV='-liconv'
LIBINTL=''
LIBM=''
LIBOBJS=''
LIBS=''
LIBTOOL='$(SHELL) $(top_builddir)/libtool'
LIPO=''
LN_S='ln -s'
LOCALEDIR='/usr/local/share/locale'
LTLIBICONV='-liconv'
LTLIBINTL=''
LTLIBOBJS=''
LT_SYS_LIBRARY_PATH=''
MAINT=''
MAINTAINER_MODE_FALSE='#'
MAINTAINER_MODE_TRUE=''
MAKEINFO='${SHELL} /home/joshua/CLionProjects/Github/gstreamer/gstreamer-1.16.0/missing makeinfo'
MANIFEST_TOOL=':'
MKDIR_P='/bin/mkdir -p'
MSGFMT='/usr/bin/msgfmt'
MSGFMT_015='/usr/bin/msgfmt'
MSGMERGE='/usr/bin/msgmerge'
NM='/usr/bin/nm -B'
NMEDIT=''
OBJDUMP='objdump'
OBJEXT='o'
OTOOL64=''
OTOOL=''
PACKAGE='gstreamer'
PACKAGE_BUGREPORT='http://bugzilla.gnome.org/enter_bug.cgi?product=GStreamer'
PACKAGE_NAME='GStreamer'
PACKAGE_STRING='GStreamer 1.16.0'
PACKAGE_TARNAME='gstreamer'
PACKAGE_URL=''
PACKAGE_VERSION='1.16.0'
PACKAGE_VERSION_MAJOR='1'
PACKAGE_VERSION_MICRO='0'
PACKAGE_VERSION_MINOR='16'
PACKAGE_VERSION_NANO='0'
PACKAGE_VERSION_RELEASE='1'
PATH_SEPARATOR=':'
PERL_PATH='/usr/bin/perl'
PKG_CONFIG='/usr/bin/pkg-config'
PLUGINDIR=''
POSUB='po'
PRINTF_CFLAGS=''
PROFILE_CFLAGS=''
PTHREAD_CC=''
PTHREAD_CFLAGS=''
PTHREAD_LIBS=''
PYTHON=''
PYTHON_EXEC_PREFIX=''
PYTHON_PLATFORM=''
PYTHON_PREFIX=''
PYTHON_VERSION=''
RANLIB='ranlib'
SED='/bin/sed'
SETCAP='/sbin/setcap'
SET_MAKE=''
SHELL='/bin/bash'
SOCKET_LIBS=''
STRIP='strip'
SUBUNIT_FALSE=''
SUBUNIT_TRUE=''
UNWIND_CFLAGS=''
UNWIND_LIBS=''
UNWIND_REQUIRE=''
USE_NLS='yes'
VALGRIND_CFLAGS=''
VALGRIND_LIBS=''
VALGRIND_PATH=''
VERSION='1.16.0'
VISIBILITY_CFLAGS=''
WARNING_CFLAGS=''
WIN32_LIBS=''
XGETTEXT='/usr/bin/xgettext'
XGETTEXT_015='/usr/bin/xgettext'
XGETTEXT_EXTRA_OPTIONS=''
ac_ct_AR='ar'
ac_ct_CC='gcc'
ac_ct_CXX='g++'
ac_ct_DUMPBIN=''
am__EXEEXT_FALSE=''
am__EXEEXT_TRUE=''
am__fastdepCCAS_FALSE='#'
am__fastdepCCAS_TRUE=''
am__fastdepCC_FALSE='#'
am__fastdepCC_TRUE=''
am__fastdepCXX_FALSE='#'
am__fastdepCXX_TRUE=''
am__include='include'
am__isrc=''
am__leading_dot='.'
am__nodep='_no'
am__quote=''
am__tar='tar --format=ustar -chf - "$$tardir"'
am__untar='tar -xf -'
ax_pthread_config=''
bindir='${exec_prefix}/bin'
build='x86_64-pc-linux-gnu'
build_alias=''
build_cpu='x86_64'
build_os='linux-gnu'
build_vendor='pc'
datadir='${datarootdir}'
datarootdir='${prefix}/share'
docdir='${datarootdir}/doc/${PACKAGE_TARNAME}'
dvidir='${docdir}'
exec_prefix='NONE'
host='x86_64-pc-linux-gnu'
host_alias=''
host_cpu='x86_64'
host_os='linux-gnu'
host_vendor='pc'
htmldir='${docdir}'
includedir='${prefix}/include'
infodir='${datarootdir}/info'
install_sh='${SHELL} /home/joshua/CLionProjects/Github/gstreamer/gstreamer-1.16.0/install-sh'
libdir='${exec_prefix}/lib'
libexecdir='${exec_prefix}/libexec'
localedir='${datarootdir}/locale'
localstatedir='${prefix}/var'
mandir='${datarootdir}/man'
mkdir_p='/bin/mkdir -p'
oldincludedir='/usr/include'
pdfdir='${docdir}'
pkgpyexecdir=''
pkgpythondir=''
plugindir=''
prefix='NONE'
program_transform_name='s,x,x,'
psdir='${docdir}'
pyexecdir=''
pythondir=''
runstatedir='${localstatedir}/run'
sbindir='${exec_prefix}/sbin'
sharedstatedir='${prefix}/com'
sysconfdir='${prefix}/etc'
target='x86_64-pc-linux-gnu'
target_alias=''
target_cpu='x86_64'
target_os='linux-gnu'
target_vendor='pc'

## ----------- ##
## confdefs.h. ##
## ----------- ##

/* confdefs.h */
#define PACKAGE_NAME "GStreamer"
#define PACKAGE_TARNAME "gstreamer"
#define PACKAGE_VERSION "1.16.0"
#define PACKAGE_STRING "GStreamer 1.16.0"
#define PACKAGE_BUGREPORT "http://bugzilla.gnome.org/enter_bug.cgi?product=GStreamer"
#define PACKAGE_URL ""
#define PACKAGE "gstreamer"
#define VERSION "1.16.0"
#define GST_API_VERSION "1.0"
#define STDC_HEADERS 1
#define HAVE_SYS_TYPES_H 1
#define HAVE_SYS_STAT_H 1
#define HAVE_STDLIB_H 1
#define HAVE_STRING_H 1
#define HAVE_MEMORY_H 1
#define HAVE_STRINGS_H 1
#define HAVE_INTTYPES_H 1
#define HAVE_STDINT_H 1
#define HAVE_UNISTD_H 1
#define HAVE_DLFCN_H 1
#define LT_OBJDIR ".libs/"
#define ENABLE_NLS 1
#define HAVE_GETTEXT 1
#define HAVE_DCGETTEXT 1
#define GETTEXT_PACKAGE "gstreamer-1.0"
#define LOCALEDIR "/usr/local/share/locale"
#define GST_PACKAGE_NAME "GStreamer source release"
#define GST_PACKAGE_ORIGIN "Unknown package origin"
#define GST_PACKAGE_RELEASE_DATETIME "2019-04-19"
#define HAVE_PTP 1
#define HAVE_SIOCGIFCONF_SIOCGIFFLAGS_SIOCGIFHWADDR 1
#define HAVE_PTP_HELPER_SETUID 1
#define HAVE_CPU_X86_64 1
#define HOST_CPU "x86_64"
#define TARGET_CPU "x86_64"

configure: exit 1
